<?xml version="1.0" encoding="UTF-8"?>
<testsuite xmlns:xsi="http://www.w3.org/2001/XMLSchema-instance" xsi:noNamespaceSchemaLocation="https://maven.apache.org/surefire/maven-surefire-plugin/xsd/surefire-test-report-3.0.xsd" version="3.0" name="TestSuite" time="27.408" tests="24" errors="0" skipped="0" failures="0">
  <properties>
    <property name="java.specification.version" value="17"/>
    <property name="sun.cpu.isalist" value="amd64"/>
    <property name="sun.jnu.encoding" value="Cp1252"/>
    <property name="java.class.path" value="C:\Users\HP\OneDrive\Desktop\PlayWright\Selenium_Hybrid_FrameWork\target\test-classes;C:\Users\HP\OneDrive\Desktop\PlayWright\Selenium_Hybrid_FrameWork\target\classes;C:\Users\HP\.m2\repository\org\seleniumhq\selenium\selenium-java\4.15.0\selenium-java-4.15.0.jar;C:\Users\HP\.m2\repository\org\seleniumhq\selenium\selenium-api\4.15.0\selenium-api-4.15.0.jar;C:\Users\HP\.m2\repository\org\seleniumhq\selenium\selenium-chrome-driver\4.15.0\selenium-chrome-driver-4.15.0.jar;C:\Users\HP\.m2\repository\com\google\auto\service\auto-service-annotations\1.1.1\auto-service-annotations-1.1.1.jar;C:\Users\HP\.m2\repository\org\seleniumhq\selenium\selenium-chromium-driver\4.15.0\selenium-chromium-driver-4.15.0.jar;C:\Users\HP\.m2\repository\org\seleniumhq\selenium\selenium-json\4.15.0\selenium-json-4.15.0.jar;C:\Users\HP\.m2\repository\org\seleniumhq\selenium\selenium-manager\4.15.0\selenium-manager-4.15.0.jar;C:\Users\HP\.m2\repository\org\seleniumhq\selenium\selenium-devtools-v117\4.15.0\selenium-devtools-v117-4.15.0.jar;C:\Users\HP\.m2\repository\org\seleniumhq\selenium\selenium-devtools-v118\4.15.0\selenium-devtools-v118-4.15.0.jar;C:\Users\HP\.m2\repository\org\seleniumhq\selenium\selenium-devtools-v119\4.15.0\selenium-devtools-v119-4.15.0.jar;C:\Users\HP\.m2\repository\org\seleniumhq\selenium\selenium-devtools-v85\4.15.0\selenium-devtools-v85-4.15.0.jar;C:\Users\HP\.m2\repository\org\seleniumhq\selenium\selenium-edge-driver\4.15.0\selenium-edge-driver-4.15.0.jar;C:\Users\HP\.m2\repository\org\seleniumhq\selenium\selenium-firefox-driver\4.15.0\selenium-firefox-driver-4.15.0.jar;C:\Users\HP\.m2\repository\org\seleniumhq\selenium\selenium-http\4.15.0\selenium-http-4.15.0.jar;C:\Users\HP\.m2\repository\dev\failsafe\failsafe\3.3.2\failsafe-3.3.2.jar;C:\Users\HP\.m2\repository\org\seleniumhq\selenium\selenium-ie-driver\4.15.0\selenium-ie-driver-4.15.0.jar;C:\Users\HP\.m2\repository\org\seleniumhq\selenium\selenium-remote-driver\4.15.0\selenium-remote-driver-4.15.0.jar;C:\Users\HP\.m2\repository\com\google\guava\guava\32.1.2-jre\guava-32.1.2-jre.jar;C:\Users\HP\.m2\repository\com\google\guava\failureaccess\1.0.1\failureaccess-1.0.1.jar;C:\Users\HP\.m2\repository\com\google\guava\listenablefuture\9999.0-empty-to-avoid-conflict-with-guava\listenablefuture-9999.0-empty-to-avoid-conflict-with-guava.jar;C:\Users\HP\.m2\repository\com\google\code\findbugs\jsr305\3.0.2\jsr305-3.0.2.jar;C:\Users\HP\.m2\repository\org\checkerframework\checker-qual\3.33.0\checker-qual-3.33.0.jar;C:\Users\HP\.m2\repository\com\google\errorprone\error_prone_annotations\2.18.0\error_prone_annotations-2.18.0.jar;C:\Users\HP\.m2\repository\com\google\j2objc\j2objc-annotations\2.8\j2objc-annotations-2.8.jar;C:\Users\HP\.m2\repository\io\opentelemetry\opentelemetry-api\1.28.0\opentelemetry-api-1.28.0.jar;C:\Users\HP\.m2\repository\io\opentelemetry\opentelemetry-context\1.28.0\opentelemetry-context-1.28.0.jar;C:\Users\HP\.m2\repository\io\opentelemetry\opentelemetry-exporter-logging\1.28.0\opentelemetry-exporter-logging-1.28.0.jar;C:\Users\HP\.m2\repository\io\opentelemetry\opentelemetry-sdk-metrics\1.28.0\opentelemetry-sdk-metrics-1.28.0.jar;C:\Users\HP\.m2\repository\io\opentelemetry\opentelemetry-extension-incubator\1.28.0-alpha\opentelemetry-extension-incubator-1.28.0-alpha.jar;C:\Users\HP\.m2\repository\io\opentelemetry\opentelemetry-sdk-logs\1.28.0\opentelemetry-sdk-logs-1.28.0.jar;C:\Users\HP\.m2\repository\io\opentelemetry\opentelemetry-sdk-common\1.28.0\opentelemetry-sdk-common-1.28.0.jar;C:\Users\HP\.m2\repository\io\opentelemetry\opentelemetry-sdk-extension-autoconfigure-spi\1.28.0\opentelemetry-sdk-extension-autoconfigure-spi-1.28.0.jar;C:\Users\HP\.m2\repository\io\opentelemetry\opentelemetry-sdk-extension-autoconfigure\1.28.0\opentelemetry-sdk-extension-autoconfigure-1.28.0.jar;C:\Users\HP\.m2\repository\io\opentelemetry\opentelemetry-api-events\1.28.0-alpha\opentelemetry-api-events-1.28.0-alpha.jar;C:\Users\HP\.m2\repository\io\opentelemetry\opentelemetry-sdk-trace\1.28.0\opentelemetry-sdk-trace-1.28.0.jar;C:\Users\HP\.m2\repository\io\opentelemetry\opentelemetry-sdk\1.28.0\opentelemetry-sdk-1.28.0.jar;C:\Users\HP\.m2\repository\io\opentelemetry\opentelemetry-semconv\1.28.0-alpha\opentelemetry-semconv-1.28.0-alpha.jar;C:\Users\HP\.m2\repository\net\bytebuddy\byte-buddy\1.14.5\byte-buddy-1.14.5.jar;C:\Users\HP\.m2\repository\org\seleniumhq\selenium\selenium-os\4.15.0\selenium-os-4.15.0.jar;C:\Users\HP\.m2\repository\org\apache\commons\commons-exec\1.3\commons-exec-1.3.jar;C:\Users\HP\.m2\repository\org\seleniumhq\selenium\selenium-safari-driver\4.15.0\selenium-safari-driver-4.15.0.jar;C:\Users\HP\.m2\repository\org\seleniumhq\selenium\selenium-support\4.15.0\selenium-support-4.15.0.jar;C:\Users\HP\.m2\repository\commons-io\commons-io\2.15.1\commons-io-2.15.1.jar;C:\Users\HP\.m2\repository\org\testng\testng\7.8.0\testng-7.8.0.jar;C:\Users\HP\.m2\repository\org\slf4j\slf4j-api\1.7.36\slf4j-api-1.7.36.jar;C:\Users\HP\.m2\repository\com\beust\jcommander\1.82\jcommander-1.82.jar;C:\Users\HP\.m2\repository\org\webjars\jquery\3.6.1\jquery-3.6.1.jar;C:\Users\HP\.m2\repository\com\github\javafaker\javafaker\1.0.2\javafaker-1.0.2.jar;C:\Users\HP\.m2\repository\org\apache\commons\commons-lang3\3.5\commons-lang3-3.5.jar;C:\Users\HP\.m2\repository\org\yaml\snakeyaml\1.23\snakeyaml-1.23-android.jar;C:\Users\HP\.m2\repository\com\github\mifmif\generex\1.0.2\generex-1.0.2.jar;C:\Users\HP\.m2\repository\dk\brics\automaton\automaton\1.11-8\automaton-1.11-8.jar;C:\Users\HP\.m2\repository\org\apache\poi\poi\3.17\poi-3.17.jar;C:\Users\HP\.m2\repository\commons-codec\commons-codec\1.10\commons-codec-1.10.jar;C:\Users\HP\.m2\repository\org\apache\commons\commons-collections4\4.1\commons-collections4-4.1.jar;C:\Users\HP\.m2\repository\org\apache\poi\poi-ooxml-schemas\3.17\poi-ooxml-schemas-3.17.jar;C:\Users\HP\.m2\repository\org\apache\xmlbeans\xmlbeans\2.6.0\xmlbeans-2.6.0.jar;C:\Users\HP\.m2\repository\stax\stax-api\1.0.1\stax-api-1.0.1.jar;C:\Users\HP\.m2\repository\org\apache\poi\poi-ooxml\3.17\poi-ooxml-3.17.jar;C:\Users\HP\.m2\repository\com\github\virtuald\curvesapi\1.04\curvesapi-1.04.jar;C:\Users\HP\.m2\repository\org\apache\logging\log4j\log4j-api\2.20.0\log4j-api-2.20.0.jar;C:\Users\HP\.m2\repository\org\apache\logging\log4j\log4j-core\2.20.0\log4j-core-2.20.0.jar;C:\Users\HP\.m2\repository\log4j\log4j\1.2.17\log4j-1.2.17.jar;C:\Users\HP\.m2\repository\com\aventstack\extentreports\5.1.1\extentreports-5.1.1.jar;C:\Users\HP\.m2\repository\io\reactivex\rxjava3\rxjava\3.1.6\rxjava-3.1.6.jar;C:\Users\HP\.m2\repository\org\reactivestreams\reactive-streams\1.0.4\reactive-streams-1.0.4.jar;C:\Users\HP\.m2\repository\org\freemarker\freemarker\2.3.32\freemarker-2.3.32.jar;C:\Users\HP\.m2\repository\org\projectlombok\lombok\1.18.26\lombok-1.18.26.jar;C:\Users\HP\.m2\repository\com\google\code\gson\gson\2.10.1\gson-2.10.1.jar;"/>
    <property name="java.vm.vendor" value="Eclipse Adoptium"/>
    <property name="sun.arch.data.model" value="64"/>
    <property name="user.variant" value=""/>
    <property name="java.vendor.url" value="https://adoptium.net/"/>
    <property name="user.timezone" value="Asia/Calcutta"/>
    <property name="os.name" value="Windows 10"/>
    <property name="java.vm.specification.version" value="17"/>
    <property name="sun.java.launcher" value="SUN_STANDARD"/>
    <property name="user.country" value="US"/>
    <property name="sun.boot.library.path" value="C:\Users\HP\.p2\pool\plugins\org.eclipse.justj.openjdk.hotspot.jre.full.win32.x86_64_17.0.6.v20230204-1729\jre\bin"/>
    <property name="sun.java.command" value="C:\Users\HP\AppData\Local\Temp\surefire12160071783006528817\surefirebooter-20231206122909045_3.jar C:\Users\HP\AppData\Local\Temp\surefire12160071783006528817 2023-12-06T12-29-08_089-jvmRun1 surefire-20231206122909045_1tmp surefire_0-20231206122909045_2tmp"/>
    <property name="jdk.debug" value="release"/>
    <property name="surefire.test.class.path" value="C:\Users\HP\OneDrive\Desktop\PlayWright\Selenium_Hybrid_FrameWork\target\test-classes;C:\Users\HP\OneDrive\Desktop\PlayWright\Selenium_Hybrid_FrameWork\target\classes;C:\Users\HP\.m2\repository\org\seleniumhq\selenium\selenium-java\4.15.0\selenium-java-4.15.0.jar;C:\Users\HP\.m2\repository\org\seleniumhq\selenium\selenium-api\4.15.0\selenium-api-4.15.0.jar;C:\Users\HP\.m2\repository\org\seleniumhq\selenium\selenium-chrome-driver\4.15.0\selenium-chrome-driver-4.15.0.jar;C:\Users\HP\.m2\repository\com\google\auto\service\auto-service-annotations\1.1.1\auto-service-annotations-1.1.1.jar;C:\Users\HP\.m2\repository\org\seleniumhq\selenium\selenium-chromium-driver\4.15.0\selenium-chromium-driver-4.15.0.jar;C:\Users\HP\.m2\repository\org\seleniumhq\selenium\selenium-json\4.15.0\selenium-json-4.15.0.jar;C:\Users\HP\.m2\repository\org\seleniumhq\selenium\selenium-manager\4.15.0\selenium-manager-4.15.0.jar;C:\Users\HP\.m2\repository\org\seleniumhq\selenium\selenium-devtools-v117\4.15.0\selenium-devtools-v117-4.15.0.jar;C:\Users\HP\.m2\repository\org\seleniumhq\selenium\selenium-devtools-v118\4.15.0\selenium-devtools-v118-4.15.0.jar;C:\Users\HP\.m2\repository\org\seleniumhq\selenium\selenium-devtools-v119\4.15.0\selenium-devtools-v119-4.15.0.jar;C:\Users\HP\.m2\repository\org\seleniumhq\selenium\selenium-devtools-v85\4.15.0\selenium-devtools-v85-4.15.0.jar;C:\Users\HP\.m2\repository\org\seleniumhq\selenium\selenium-edge-driver\4.15.0\selenium-edge-driver-4.15.0.jar;C:\Users\HP\.m2\repository\org\seleniumhq\selenium\selenium-firefox-driver\4.15.0\selenium-firefox-driver-4.15.0.jar;C:\Users\HP\.m2\repository\org\seleniumhq\selenium\selenium-http\4.15.0\selenium-http-4.15.0.jar;C:\Users\HP\.m2\repository\dev\failsafe\failsafe\3.3.2\failsafe-3.3.2.jar;C:\Users\HP\.m2\repository\org\seleniumhq\selenium\selenium-ie-driver\4.15.0\selenium-ie-driver-4.15.0.jar;C:\Users\HP\.m2\repository\org\seleniumhq\selenium\selenium-remote-driver\4.15.0\selenium-remote-driver-4.15.0.jar;C:\Users\HP\.m2\repository\com\google\guava\guava\32.1.2-jre\guava-32.1.2-jre.jar;C:\Users\HP\.m2\repository\com\google\guava\failureaccess\1.0.1\failureaccess-1.0.1.jar;C:\Users\HP\.m2\repository\com\google\guava\listenablefuture\9999.0-empty-to-avoid-conflict-with-guava\listenablefuture-9999.0-empty-to-avoid-conflict-with-guava.jar;C:\Users\HP\.m2\repository\com\google\code\findbugs\jsr305\3.0.2\jsr305-3.0.2.jar;C:\Users\HP\.m2\repository\org\checkerframework\checker-qual\3.33.0\checker-qual-3.33.0.jar;C:\Users\HP\.m2\repository\com\google\errorprone\error_prone_annotations\2.18.0\error_prone_annotations-2.18.0.jar;C:\Users\HP\.m2\repository\com\google\j2objc\j2objc-annotations\2.8\j2objc-annotations-2.8.jar;C:\Users\HP\.m2\repository\io\opentelemetry\opentelemetry-api\1.28.0\opentelemetry-api-1.28.0.jar;C:\Users\HP\.m2\repository\io\opentelemetry\opentelemetry-context\1.28.0\opentelemetry-context-1.28.0.jar;C:\Users\HP\.m2\repository\io\opentelemetry\opentelemetry-exporter-logging\1.28.0\opentelemetry-exporter-logging-1.28.0.jar;C:\Users\HP\.m2\repository\io\opentelemetry\opentelemetry-sdk-metrics\1.28.0\opentelemetry-sdk-metrics-1.28.0.jar;C:\Users\HP\.m2\repository\io\opentelemetry\opentelemetry-extension-incubator\1.28.0-alpha\opentelemetry-extension-incubator-1.28.0-alpha.jar;C:\Users\HP\.m2\repository\io\opentelemetry\opentelemetry-sdk-logs\1.28.0\opentelemetry-sdk-logs-1.28.0.jar;C:\Users\HP\.m2\repository\io\opentelemetry\opentelemetry-sdk-common\1.28.0\opentelemetry-sdk-common-1.28.0.jar;C:\Users\HP\.m2\repository\io\opentelemetry\opentelemetry-sdk-extension-autoconfigure-spi\1.28.0\opentelemetry-sdk-extension-autoconfigure-spi-1.28.0.jar;C:\Users\HP\.m2\repository\io\opentelemetry\opentelemetry-sdk-extension-autoconfigure\1.28.0\opentelemetry-sdk-extension-autoconfigure-1.28.0.jar;C:\Users\HP\.m2\repository\io\opentelemetry\opentelemetry-api-events\1.28.0-alpha\opentelemetry-api-events-1.28.0-alpha.jar;C:\Users\HP\.m2\repository\io\opentelemetry\opentelemetry-sdk-trace\1.28.0\opentelemetry-sdk-trace-1.28.0.jar;C:\Users\HP\.m2\repository\io\opentelemetry\opentelemetry-sdk\1.28.0\opentelemetry-sdk-1.28.0.jar;C:\Users\HP\.m2\repository\io\opentelemetry\opentelemetry-semconv\1.28.0-alpha\opentelemetry-semconv-1.28.0-alpha.jar;C:\Users\HP\.m2\repository\net\bytebuddy\byte-buddy\1.14.5\byte-buddy-1.14.5.jar;C:\Users\HP\.m2\repository\org\seleniumhq\selenium\selenium-os\4.15.0\selenium-os-4.15.0.jar;C:\Users\HP\.m2\repository\org\apache\commons\commons-exec\1.3\commons-exec-1.3.jar;C:\Users\HP\.m2\repository\org\seleniumhq\selenium\selenium-safari-driver\4.15.0\selenium-safari-driver-4.15.0.jar;C:\Users\HP\.m2\repository\org\seleniumhq\selenium\selenium-support\4.15.0\selenium-support-4.15.0.jar;C:\Users\HP\.m2\repository\commons-io\commons-io\2.15.1\commons-io-2.15.1.jar;C:\Users\HP\.m2\repository\org\testng\testng\7.8.0\testng-7.8.0.jar;C:\Users\HP\.m2\repository\org\slf4j\slf4j-api\1.7.36\slf4j-api-1.7.36.jar;C:\Users\HP\.m2\repository\com\beust\jcommander\1.82\jcommander-1.82.jar;C:\Users\HP\.m2\repository\org\webjars\jquery\3.6.1\jquery-3.6.1.jar;C:\Users\HP\.m2\repository\com\github\javafaker\javafaker\1.0.2\javafaker-1.0.2.jar;C:\Users\HP\.m2\repository\org\apache\commons\commons-lang3\3.5\commons-lang3-3.5.jar;C:\Users\HP\.m2\repository\org\yaml\snakeyaml\1.23\snakeyaml-1.23-android.jar;C:\Users\HP\.m2\repository\com\github\mifmif\generex\1.0.2\generex-1.0.2.jar;C:\Users\HP\.m2\repository\dk\brics\automaton\automaton\1.11-8\automaton-1.11-8.jar;C:\Users\HP\.m2\repository\org\apache\poi\poi\3.17\poi-3.17.jar;C:\Users\HP\.m2\repository\commons-codec\commons-codec\1.10\commons-codec-1.10.jar;C:\Users\HP\.m2\repository\org\apache\commons\commons-collections4\4.1\commons-collections4-4.1.jar;C:\Users\HP\.m2\repository\org\apache\poi\poi-ooxml-schemas\3.17\poi-ooxml-schemas-3.17.jar;C:\Users\HP\.m2\repository\org\apache\xmlbeans\xmlbeans\2.6.0\xmlbeans-2.6.0.jar;C:\Users\HP\.m2\repository\stax\stax-api\1.0.1\stax-api-1.0.1.jar;C:\Users\HP\.m2\repository\org\apache\poi\poi-ooxml\3.17\poi-ooxml-3.17.jar;C:\Users\HP\.m2\repository\com\github\virtuald\curvesapi\1.04\curvesapi-1.04.jar;C:\Users\HP\.m2\repository\org\apache\logging\log4j\log4j-api\2.20.0\log4j-api-2.20.0.jar;C:\Users\HP\.m2\repository\org\apache\logging\log4j\log4j-core\2.20.0\log4j-core-2.20.0.jar;C:\Users\HP\.m2\repository\log4j\log4j\1.2.17\log4j-1.2.17.jar;C:\Users\HP\.m2\repository\com\aventstack\extentreports\5.1.1\extentreports-5.1.1.jar;C:\Users\HP\.m2\repository\io\reactivex\rxjava3\rxjava\3.1.6\rxjava-3.1.6.jar;C:\Users\HP\.m2\repository\org\reactivestreams\reactive-streams\1.0.4\reactive-streams-1.0.4.jar;C:\Users\HP\.m2\repository\org\freemarker\freemarker\2.3.32\freemarker-2.3.32.jar;C:\Users\HP\.m2\repository\org\projectlombok\lombok\1.18.26\lombok-1.18.26.jar;C:\Users\HP\.m2\repository\com\google\code\gson\gson\2.10.1\gson-2.10.1.jar;"/>
    <property name="sun.cpu.endian" value="little"/>
    <property name="user.home" value="C:\Users\HP"/>
    <property name="user.language" value="en"/>
    <property name="java.specification.vendor" value="Oracle Corporation"/>
    <property name="java.version.date" value="2023-01-17"/>
    <property name="java.home" value="C:\Users\HP\.p2\pool\plugins\org.eclipse.justj.openjdk.hotspot.jre.full.win32.x86_64_17.0.6.v20230204-1729\jre"/>
    <property name="file.separator" value="\"/>
    <property name="basedir" value="C:\Users\HP\OneDrive\Desktop\PlayWright\Selenium_Hybrid_FrameWork"/>
    <property name="java.vm.compressedOopsMode" value="32-bit"/>
    <property name="line.separator" value="&#10;"/>
    <property name="java.vm.specification.vendor" value="Oracle Corporation"/>
    <property name="java.specification.name" value="Java Platform API Specification"/>
    <property name="surefire.real.class.path" value="C:\Users\HP\AppData\Local\Temp\surefire12160071783006528817\surefirebooter-20231206122909045_3.jar"/>
    <property name="user.script" value=""/>
    <property name="sun.management.compiler" value="HotSpot 64-Bit Tiered Compilers"/>
    <property name="java.runtime.version" value="17.0.6+10"/>
    <property name="user.name" value="HP"/>
    <property name="path.separator" value=";"/>
    <property name="os.version" value="10.0"/>
    <property name="java.runtime.name" value="OpenJDK Runtime Environment"/>
    <property name="file.encoding" value="Cp1252"/>
    <property name="java.vm.name" value="OpenJDK 64-Bit Server VM"/>
    <property name="java.vendor.version" value="Temurin-17.0.6+10"/>
    <property name="localRepository" value="C:\Users\HP\.m2\repository"/>
    <property name="java.vendor.url.bug" value="https://github.com/adoptium/adoptium-support/issues"/>
    <property name="java.io.tmpdir" value="C:\Users\HP\AppData\Local\Temp\"/>
    <property name="java.version" value="17.0.6"/>
    <property name="user.dir" value="C:\Users\HP\OneDrive\Desktop\PlayWright\Selenium_Hybrid_FrameWork"/>
    <property name="os.arch" value="amd64"/>
    <property name="java.vm.specification.name" value="Java Virtual Machine Specification"/>
    <property name="sun.os.patch.level" value=""/>
    <property name="native.encoding" value="Cp1252"/>
    <property name="java.library.path" value="C:\Users\HP\.p2\pool\plugins\org.eclipse.justj.openjdk.hotspot.jre.full.win32.x86_64_17.0.6.v20230204-1729\jre\bin;C:\Windows\Sun\Java\bin;C:\Windows\system32;C:\Windows;C:/Users/HP/.p2/pool/plugins/org.eclipse.justj.openjdk.hotspot.jre.full.win32.x86_64_17.0.6.v20230204-1729/jre/bin/server;C:/Users/HP/.p2/pool/plugins/org.eclipse.justj.openjdk.hotspot.jre.full.win32.x86_64_17.0.6.v20230204-1729/jre/bin;C:\Program Files\Java\jdk-11.0.16\bin;C:\Program Files (x86)\Common Files\Oracle\Java\javapath;C:\Windows\system32;C:\Windows;C:\Windows\System32\Wbem;C:\Windows\System32\WindowsPowerShell\v1.0\;C:\Windows\System32\OpenSSH\;C:\Program Files\Java\jdk1.8.0_202\bin;C:\Program Files\MySQL\MySQL Server 8.0\bin;C:\Program Files\nodejs\;C:\apache-maven-3.9.4\bin;C:\Program Files\Git\cmd;C:\Program Files\nodejs\node_modules;C:\Users\HP\AppData\Local\Android\Sdk\platform-tools;C:\Users\HP\AppData\Local\Android\Sdk\tools;C:\Users\HP\AppData\Local\Android\Sdk\build-tools;C:\Program Files\Android\Android Studio\bin;C:\Users\HP\.appium;C:\Program Files\MySQL\MySQL Shell 8.0\bin\;C:\Users\HP\OneDrive\Desktop\jar\sikuli1\sikuli1\libs;C:\Users\HP\AppData\Local\Microsoft\WindowsApps;C:\Users\HP\AppData\Roaming\npm;C:\Users\HP\AppData\Local\Programs\Microsoft VS Code\bin;C:\Users\HP\eclipse\java-2022-06\eclipse;;."/>
    <property name="java.vm.info" value="mixed mode"/>
    <property name="java.vendor" value="Eclipse Adoptium"/>
    <property name="java.vm.version" value="17.0.6+10"/>
    <property name="sun.io.unicode.encoding" value="UnicodeLittle"/>
    <property name="java.class.version" value="61.0"/>
  </properties>
  <testcase name="Home_Page_Title_Test" classname="com.QA.test.Pages_Test" time="0.033">
    <system-out><![CDATA[On Start method invoked....
[DEBUG] 2023-12-06 12:29:18.803 [main] Pages_Test - Started.......
Name of test method started:Home_Page_Title_Test
Home Page Title : STORE
[INFO ] 2023-12-06 12:29:18.880 [main] Pages_Test - Home Page Title Test Started...
[INFO ] 2023-12-06 12:29:18.883 [main] Pages_Test - Home Page Title Matched...
Name of test method sucessfully executed:Home_Page_Title_Test
]]></system-out>
    <system-err><![CDATA[SLF4J: Failed to load class "org.slf4j.impl.StaticLoggerBinder".
SLF4J: Defaulting to no-operation (NOP) logger implementation
SLF4J: See http://www.slf4j.org/codes.html#StaticLoggerBinder for further details.
]]></system-err>
  </testcase>
  <testcase name="Home_Page_Url_Test" classname="com.QA.test.Pages_Test" time="0.03">
    <system-out><![CDATA[Name of test method started:Home_Page_Url_Test
Home Page Url : https://www.demoblaze.com/
[INFO ] 2023-12-06 12:29:18.934 [main] Pages_Test - Home Page Url Test Started...
[INFO ] 2023-12-06 12:29:18.935 [main] Pages_Test - Home Page Url Matched...
Name of test method sucessfully executed:Home_Page_Url_Test
]]></system-out>
  </testcase>
  <testcase name="Home_Page_Verify_Home_PAge_Logo_Test" classname="com.QA.test.Pages_Test" time="0.128">
    <system-out><![CDATA[Name of test method started:Home_Page_Verify_Home_PAge_Logo_Test
Home Page logo : true
[INFO ] 2023-12-06 12:29:19.067 [main] Pages_Test - Home Page Logo Test Started...
[INFO ] 2023-12-06 12:29:19.067 [main] Pages_Test - Home Page logo Matched...
Name of test method sucessfully executed:Home_Page_Verify_Home_PAge_Logo_Test
]]></system-out>
  </testcase>
  <testcase name="Home_Page_Verify_Home_PAge_Links_Test" classname="com.QA.test.Pages_Test" time="0.629">
    <system-out><![CDATA[Name of test method started:Home_Page_Verify_Home_PAge_Links_Test
PRODUCT STORE
Home
(current)
Contact
About us
Cart
Log in


Sign up
Previous
Next
CATEGORIES
Phones
Laptops
Monitors

Samsung galaxy s6

Nokia lumia 1520

Nexus 6

Samsung galaxy s7

Iphone 6 32gb

Sony xperia z5

HTC One M9

Sony vaio i5

Sony vaio i7
Home Page links : 33
[INFO ] 2023-12-06 12:29:19.697 [main] Pages_Test - Home Page Links Test Started...
Name of test method sucessfully executed:Home_Page_Verify_Home_PAge_Links_Test
]]></system-out>
  </testcase>
  <testcase name="Home_Page_Verify_Home_PAge_Products_Test" classname="com.QA.test.Pages_Test" time="0.149">
    <system-out><![CDATA[Name of test method started:Home_Page_Verify_Home_PAge_Products_Test
Samsung galaxy s6
$360
The Samsung Galaxy S6 is powered by 1.5GHz octa-core Samsung Exynos 7420 processor and it comes with 3GB of RAM. The phone packs 32GB of internal storage cannot be expanded.
Nokia lumia 1520
$820
The Nokia Lumia 1520 is powered by 2.2GHz quad-core Qualcomm Snapdragon 800 processor and it comes with 2GB of RAM.
Nexus 6
$650
The Motorola Google Nexus 6 is powered by 2.7GHz quad-core Qualcomm Snapdragon 805 processor and it comes with 3GB of RAM.
Samsung galaxy s7
$800
The Samsung Galaxy S7 is powered by 1.6GHz octa-core it comes with 4GB of RAM. The phone packs 32GB of internal storage that can be expanded up to 200GB via a microSD card.
Iphone 6 32gb
$790
It comes with 1GB of RAM. The phone packs 16GB of internal storage cannot be expanded. As far as the cameras are concerned, the Apple iPhone 6 packs a 8-megapixel primary camera on the rear and a 1.2-megapixel front shooter for selfies.
Sony xperia z5
$320
Sony Xperia Z5 Dual smartphone was launched in September 2015. The phone comes with a 5.20-inch touchscreen display with a resolution of 1080 pixels by 1920 pixels at a PPI of 424 pixels per inch.
HTC One M9
$700
The HTC One M9 is powered by 1.5GHz octa-core Qualcomm Snapdragon 810 processor and it comes with 3GB of RAM. The phone packs 32GB of internal storage that can be expanded up to 128GB via a microSD card.
Sony vaio i5
$790
Sony is so confident that the VAIO S is a superior ultraportable laptop that the company proudly compares the notebook to Apple's 13-inch MacBook Pro. And in a lot of ways this notebook is better, thanks to a lighter weight.
Sony vaio i7
$790
REVIEW Sony is so confident that the VAIO S is a superior ultraportable laptop that the company proudly compares the notebook to Apple's 13-inch MacBook Pro. And in a lot of ways this notebook is better, thanks to a lighter weight, higher-resolution display, more storage space, and a Blu-ray drive.
Home Page products : 9
[INFO ] 2023-12-06 12:29:19.846 [main] Pages_Test - Home Page Products Test Started...
[INFO ] 2023-12-06 12:29:19.847 [main] Pages_Test - Home Page Products Matched...
Name of test method sucessfully executed:Home_Page_Verify_Home_PAge_Products_Test
]]></system-out>
  </testcase>
  <testcase name="Home_Page_Verify_Home_PAge_Products_Name_Test" classname="com.QA.test.Pages_Test" time="0.172">
    <system-out><![CDATA[Name of test method started:Home_Page_Verify_Home_PAge_Products_Name_Test
Samsung galaxy s6
Nokia lumia 1520
Nexus 6
Samsung galaxy s7
Iphone 6 32gb
Sony xperia z5
HTC One M9
Sony vaio i5
Sony vaio i7
[INFO ] 2023-12-06 12:29:20.020 [main] Pages_Test - Home Page Products name Verified...
Name of test method sucessfully executed:Home_Page_Verify_Home_PAge_Products_Name_Test
]]></system-out>
  </testcase>
  <testcase name="Home_Page_Verify_Home_PAge_Footer_Text_Test" classname="com.QA.test.Pages_Test" time="0.166">
    <system-out><![CDATA[Name of test method started:Home_Page_Verify_Home_PAge_Footer_Text_Test
About Us
We believe performance needs to be validated at every stage of the software development cycle and our open source compatible, massively scalable platform makes that a reality.
About Us
We believe performance needs to be validated at every stage of the software development cycle and our open source compatible, massively scalable platform makes that a reality.
About Us
We believe performance needs to be validated at every stage of the software development cycle and our open source compatible, massively scalable platform makes that a reality.
Get in Touch
Address: 2390 El Camino Real
Phone: +440 123456
Email: demo@blazemeter.com
Get in Touch
Address: 2390 El Camino Real
Phone: +440 123456
Email: demo@blazemeter.com
Get in Touch
Address: 2390 El Camino Real
Phone: +440 123456
Email: demo@blazemeter.com
PRODUCT STORE
PRODUCT STORE
PRODUCT STORE
[INFO ] 2023-12-06 12:29:20.189 [main] Pages_Test - Home Page Footer Text Verified...
Name of test method sucessfully executed:Home_Page_Verify_Home_PAge_Footer_Text_Test
]]></system-out>
  </testcase>
  <testcase name="Login_Page_Url_Test" classname="com.QA.test.Pages_Test" time="0.16">
    <system-out><![CDATA[Name of test method started:Login_Page_Url_Test
Login Url : STORE
[INFO ] 2023-12-06 12:29:20.349 [main] Pages_Test - Login Page Title Test Started...
[INFO ] 2023-12-06 12:29:20.350 [main] Pages_Test - Login Page Title Matched...
Name of test method sucessfully executed:Login_Page_Url_Test
]]></system-out>
  </testcase>
  <testcase name="Login_Page_Signu_UP_Test" classname="com.QA.test.Pages_Test" time="3.73">
    <system-out><![CDATA[Name of test method started:Login_Page_Signu_UP_Test
[INFO ] 2023-12-06 12:29:24.082 [main] Pages_Test - Login Page Signup Done...
Name of test method sucessfully executed:Login_Page_Signu_UP_Test
]]></system-out>
  </testcase>
  <testcase name="Login_Page_Login_Test" classname="com.QA.test.Pages_Test" time="0.943">
    <system-out><![CDATA[Name of test method started:Login_Page_Login_Test
[INFO ] 2023-12-06 12:29:25.027 [main] Pages_Test - Login Page Login Done...
Name of test method sucessfully executed:Login_Page_Login_Test
]]></system-out>
  </testcase>
  <testcase name="Product_Page_Title_Test" classname="com.QA.test.Pages_Test" time="4.99">
    <system-out><![CDATA[Name of test method started:Product_Page_Title_Test
Product Title : STORE
[INFO ] 2023-12-06 12:29:30.017 [main] Pages_Test - Product Page Title Test Started
[INFO ] 2023-12-06 12:29:30.018 [main] Pages_Test - Product Page Title Matched
Name of test method sucessfully executed:Product_Page_Title_Test
]]></system-out>
  </testcase>
  <testcase name="Product_Page_Url_Test" classname="com.QA.test.Pages_Test" time="0.026">
    <system-out><![CDATA[Name of test method started:Product_Page_Url_Test
Product url : https://www.demoblaze.com/prod.html?idp_=1
[INFO ] 2023-12-06 12:29:30.045 [main] Pages_Test - Product Page Url Test Started
[INFO ] 2023-12-06 12:29:30.045 [main] Pages_Test - Product Page Url Matched
Name of test method sucessfully executed:Product_Page_Url_Test
]]></system-out>
  </testcase>
  <testcase name="Product_Page_Product_Name_Test" classname="com.QA.test.Pages_Test" time="0.765">
    <system-out><![CDATA[Name of test method started:Product_Page_Product_Name_Test
Samsung galaxy s6
[INFO ] 2023-12-06 12:29:30.810 [main] Pages_Test - Product Page Product Name Test Started
[INFO ] 2023-12-06 12:29:30.810 [main] Pages_Test - Product Page Product Name Matched
Name of test method sucessfully executed:Product_Page_Product_Name_Test
]]></system-out>
  </testcase>
  <testcase name="Product_Page_Product_Description_Test" classname="com.QA.test.Pages_Test" time="0.051">
    <system-out><![CDATA[Name of test method started:Product_Page_Product_Description_Test
Product description
The Samsung Galaxy S6 is powered by 1.5GHz octa-core Samsung Exynos 7420 processor and it comes with 3GB of RAM. The phone packs 32GB of internal storage cannot be expanded.
[INFO ] 2023-12-06 12:29:30.862 [main] Pages_Test - Product Page Product Description Test Started
[INFO ] 2023-12-06 12:29:30.862 [main] Pages_Test - Product Page Product Description matched
Name of test method sucessfully executed:Product_Page_Product_Description_Test
]]></system-out>
  </testcase>
  <testcase name="Product_Page_Product_Cart_Test" classname="com.QA.test.Pages_Test" time="2.69">
    <system-out><![CDATA[Name of test method started:Product_Page_Product_Cart_Test
[INFO ] 2023-12-06 12:29:33.549 [main] Pages_Test - Product Page Click on cart button done
Name of test method sucessfully executed:Product_Page_Product_Cart_Test
]]></system-out>
  </testcase>
  <testcase name="Checkout_Page_Title_Test" classname="com.QA.test.Pages_Test" time="0.064">
    <system-out><![CDATA[Name of test method started:Checkout_Page_Title_Test
Checkout Title : STORE
[INFO ] 2023-12-06 12:29:33.617 [main] Pages_Test - Checkout Page Title Test Started..
[INFO ] 2023-12-06 12:29:33.618 [main] Pages_Test - Checkout Page Title Matched..
Name of test method sucessfully executed:Checkout_Page_Title_Test
]]></system-out>
  </testcase>
  <testcase name="Checkout_Page_Url_Test" classname="com.QA.test.Pages_Test" time="0.014">
    <system-out><![CDATA[Name of test method started:Checkout_Page_Url_Test
Checkout url : https://www.demoblaze.com/cart.html
[INFO ] 2023-12-06 12:29:33.632 [main] Pages_Test - Checkout Page Url Test Started..
[INFO ] 2023-12-06 12:29:33.632 [main] Pages_Test - Checkout Page Title Matched..
Name of test method sucessfully executed:Checkout_Page_Url_Test
]]></system-out>
  </testcase>
  <testcase name="Checkout_Page_Product_Name_Test" classname="com.QA.test.Pages_Test" time="1.262">
    <system-out><![CDATA[Name of test method started:Checkout_Page_Product_Name_Test
Samsung galaxy s6
[INFO ] 2023-12-06 12:29:34.895 [main] Pages_Test - Checkout Page Product Name Test Started..
[INFO ] 2023-12-06 12:29:34.895 [main] Pages_Test - Checkout Page Product Name Matched..
Name of test method sucessfully executed:Checkout_Page_Product_Name_Test
]]></system-out>
  </testcase>
  <testcase name="Checkout_Page_Product_price_Test" classname="com.QA.test.Pages_Test" time="0.047">
    <system-out><![CDATA[Name of test method started:Checkout_Page_Product_price_Test
360
[INFO ] 2023-12-06 12:29:34.942 [main] Pages_Test - Checkout Page Product Price Test Started..
[INFO ] 2023-12-06 12:29:34.942 [main] Pages_Test - Checkout Page Product Name Matched..
Name of test method sucessfully executed:Checkout_Page_Product_price_Test
]]></system-out>
  </testcase>
  <testcase name="Checkout_Page_Product_Total_price_Test" classname="com.QA.test.Pages_Test" time="0.051">
    <system-out><![CDATA[Name of test method started:Checkout_Page_Product_Total_price_Test
360
[INFO ] 2023-12-06 12:29:34.995 [main] Pages_Test - Checkout Page Product Price Test Started..
[INFO ] 2023-12-06 12:29:34.995 [main] Pages_Test - Checkout Page Product price matched..
Name of test method sucessfully executed:Checkout_Page_Product_Total_price_Test
]]></system-out>
  </testcase>
  <testcase name="Checkout_Page_Product_Place_Order_Test" classname="com.QA.test.Pages_Test" time="0.101">
    <system-out><![CDATA[Name of test method started:Checkout_Page_Product_Place_Order_Test
[INFO ] 2023-12-06 12:29:35.096 [main] Pages_Test - Checkout Page Click on place Order..
Name of test method sucessfully executed:Checkout_Page_Product_Place_Order_Test
]]></system-out>
  </testcase>
  <testcase name="Address_Page_Send_Data_Test" classname="com.QA.test.Pages_Test" time="1.402">
    <system-out><![CDATA[Name of test method started:Address_Page_Send_Data_Test
[INFO ] 2023-12-06 12:29:36.499 [main] Pages_Test - Address Page Data Send
Name of test method sucessfully executed:Address_Page_Send_Data_Test
]]></system-out>
  </testcase>
  <testcase name="Address_Page_Purchase_Msg_Test" classname="com.QA.test.Pages_Test" time="0.063">
    <system-out><![CDATA[Name of test method started:Address_Page_Purchase_Msg_Test
Thank you for your purchase!
[INFO ] 2023-12-06 12:29:36.561 [main] Pages_Test - Address Page Purchase Msg Test Started
[INFO ] 2023-12-06 12:29:36.561 [main] Pages_Test - Address Page Purchase Msg Matched..
Name of test method sucessfully executed:Address_Page_Purchase_Msg_Test
]]></system-out>
  </testcase>
  <testcase name="Address_Page_Order_Msg_Test" classname="com.QA.test.Pages_Test" time="0.068">
    <system-out><![CDATA[Name of test method started:Address_Page_Order_Msg_Test
Id: 6743872
Amount: 360 USD
Card Number: 8888888888
Name: Isaura Hammes
Date: 6/11/2023
[INFO ] 2023-12-06 12:29:36.630 [main] Pages_Test - Address Page Order Msg Test Started
Name of test method sucessfully executed:Address_Page_Order_Msg_Test
]]></system-out>
  </testcase>
</testsuite>