<?xml version="1.0" encoding="UTF-8"?>
<!-- Generated by org.testng.reporters.JUnitReportReporter -->
<testsuite hostname="DESKTOP-N3LRL61" failures="0" tests="24" name="com.QA.test.Pages_Test" time="19.484" errors="0" timestamp="2023-12-05T17:24:05 IST" skipped="0">
  <testcase classname="com.QA.test.Pages_Test" name="Home_Page_Title_Test" time="0.035"/>
  <testcase classname="com.QA.test.Pages_Test" name="Home_Page_Url_Test" time="0.048"/>
  <testcase classname="com.QA.test.Pages_Test" name="Home_Page_Verify_Home_PAge_Logo_Test" time="0.128"/>
  <testcase classname="com.QA.test.Pages_Test" name="Home_Page_Verify_Home_PAge_Links_Test" time="1.076"/>
  <testcase classname="com.QA.test.Pages_Test" name="Home_Page_Verify_Home_PAge_Products_Test" time="0.222"/>
  <testcase classname="com.QA.test.Pages_Test" name="Home_Page_Verify_Home_PAge_Products_Name_Test" time="0.224"/>
  <testcase classname="com.QA.test.Pages_Test" name="Home_Page_Verify_Home_PAge_Footer_Text_Test" time="0.186"/>
  <testcase classname="com.QA.test.Pages_Test" name="Login_Page_Url_Test" time="0.166"/>
  <testcase classname="com.QA.test.Pages_Test" name="Login_Page_Signu_UP_Test" time="3.279"/>
  <testcase classname="com.QA.test.Pages_Test" name="Login_Page_Login_Test" time="0.913"/>
  <testcase classname="com.QA.test.Pages_Test" name="Product_Page_Title_Test" time="5.347"/>
  <testcase classname="com.QA.test.Pages_Test" name="Product_Page_Url_Test" time="0.016"/>
  <testcase classname="com.QA.test.Pages_Test" name="Product_Page_Product_Name_Test" time="0.813"/>
  <testcase classname="com.QA.test.Pages_Test" name="Product_Page_Product_Description_Test" time="0.050"/>
  <testcase classname="com.QA.test.Pages_Test" name="Product_Page_Product_Cart_Test" time="2.276"/>
  <testcase classname="com.QA.test.Pages_Test" name="Checkout_Page_Title_Test" time="0.068"/>
  <testcase classname="com.QA.test.Pages_Test" name="Checkout_Page_Url_Test" time="0.016"/>
  <testcase classname="com.QA.test.Pages_Test" name="Checkout_Page_Product_Name_Test" time="2.850"/>
  <testcase classname="com.QA.test.Pages_Test" name="Checkout_Page_Product_price_Test" time="0.067"/>
  <testcase classname="com.QA.test.Pages_Test" name="Checkout_Page_Product_Total_price_Test" time="0.062"/>
  <testcase classname="com.QA.test.Pages_Test" name="Checkout_Page_Product_Place_Order_Test" time="0.145"/>
  <testcase classname="com.QA.test.Pages_Test" name="Address_Page_Send_Data_Test" time="1.340"/>
  <testcase classname="com.QA.test.Pages_Test" name="Address_Page_Purchase_Msg_Test" time="0.085"/>
  <testcase classname="com.QA.test.Pages_Test" name="Address_Page_Order_Msg_Test" time="0.072"/>
</testsuite> <!-- com.QA.test.Pages_Test -->
